2026-01-30 15:24:06 [INFO]: GET /short
2026-01-30 15:24:34 [INFO]: GET /
2026-01-30 15:38:30 [INFO]: Server started on port 3000
2026-01-30 15:38:33 [INFO]: Server started on port 3000
2026-01-30 15:38:35 [INFO]: Server started on port 3000
2026-01-30 15:38:38 [INFO]: Server started on port 3000
2026-01-30 15:38:48 [INFO]: Server started on port 3000
2026-01-30 15:38:53 [ERROR]: GET /azdazd - Not Found
2026-01-30 15:38:53 [WARN]: GET /azdazd 404
2026-01-30 15:43:05 [INFO]: Server started on port 3000
2026-01-30 15:43:33 [INFO]: Server started on port 3000
2026-01-30 15:43:35 [INFO]: Server started on port 3000
2026-01-30 15:44:09 [INFO]: Server started on port 3000
2026-01-30 15:44:57 [INFO]: Server started on port 3000
2026-01-30 15:45:32 [INFO]: Server started on port 3000
2026-01-30 15:45:54 [INFO]: Server started on port 3000
2026-01-30 15:46:26 [INFO]: Server started on port 3000
2026-01-30 15:46:41 [ERROR]: GET /full - Not Found
2026-01-30 15:46:41 [WARN]: GET /full 404
2026-01-30 15:46:58 [INFO]: Server started on port 3000
2026-01-30 15:47:13 [INFO]: GET /countries full
2026-01-30 15:47:13 [WARN]: GET /full 404
2026-01-30 15:49:01 [INFO]: Server started on port 3000
2026-01-30 15:49:04 [INFO]: Server started on port 3000
2026-01-30 15:49:06 [INFO]: Server started on port 3000
2026-01-30 15:49:08 [INFO]: Server started on port 3000
2026-01-30 15:49:10 [INFO]: Server started on port 3000
2026-01-30 15:49:11 [INFO]: Server started on port 3000
2026-01-30 15:49:20 [INFO]: GET /full 200
2026-01-30 15:49:31 [INFO]: GET /countries 
2026-01-30 15:49:31 [INFO]: GET / 200
2026-01-30 15:49:55 [INFO]: GET /short 200
2026-01-30 15:52:52 [INFO]: GET /short/FRA 200
2026-01-30 15:53:07 [INFO]: GET /full/FRA 200
2026-01-30 15:53:27 [INFO]: GET /countries FRA
2026-01-30 15:53:27 [INFO]: GET /FRA 200
2026-01-30 15:54:22 [INFO]: GET /countries FRAreg
2026-01-30 15:54:22 [WARN]: GET /FRAreg 404
2026-01-30 15:55:06 [INFO]: Server started on port 3000
2026-01-30 15:55:08 [INFO]: Server started on port 3000
2026-01-30 15:55:11 [INFO]: Server started on port 3000
2026-01-30 15:55:13 [INFO]: Server started on port 3000
2026-01-30 15:59:49 [INFO]: Server started on port 3000
2026-01-30 16:02:44 [INFO]: Server started on port 3000
2026-01-30 16:02:47 [INFO]: Server started on port 3000
2026-01-30 16:02:56 [INFO]: Server started on port 3000
2026-01-30 16:02:59 [INFO]: Server started on port 3000
2026-01-30 16:03:06 [INFO]: Server started on port 3000
2026-01-30 16:03:16 [INFO]: Server started on port 3000
2026-01-30 16:03:17 [INFO]: Server started on port 3000
2026-01-30 16:03:33 [INFO]: Server started on port 3000
2026-01-30 16:03:38 [INFO]: Server started on port 3000
2026-01-30 16:04:14 [INFO]: GET /countries FRA
2026-01-30 16:04:14 [INFO]: GET /FRA 200
2026-01-30 16:04:38 [INFO]: GET /full/FRA 200
2026-01-30 16:05:57 [ERROR]: GET /update-population/FRA - Not Found
2026-01-30 16:05:57 [WARN]: GET /update-population/FRA 404
2026-01-30 16:06:48 [INFO]: Server started on port 3000
2026-01-30 16:06:51 [INFO]: Server started on port 3000
2026-01-30 16:06:54 [INFO]: Server started on port 3000
2026-01-30 16:06:57 [INFO]: Server started on port 3000
2026-01-30 16:07:00 [ERROR]: GET /update-population/FRA - Not Found
2026-01-30 16:07:00 [WARN]: GET /update-population/FRA 404
2026-01-30 16:07:24 [WARN]: POST /update-population/FRA 400
2026-01-30 16:07:42 [ERROR]: POST /update-population/FRA - Cannot destructure property 'cca3' of 'req.params' as it is undefined.
2026-01-30 16:07:42 [ERROR]: POST /update-population/FRA 500
2026-01-30 16:08:29 [ERROR]: POST /update-population/FRA - Cannot destructure property 'cca3' of 'req.params' as it is undefined.
2026-01-30 16:08:29 [ERROR]: POST /update-population/FRA 500
2026-01-30 16:09:28 [ERROR]: POST /update-population/fra - Cannot destructure property 'cca3' of 'req.params' as it is undefined.
2026-01-30 16:09:28 [ERROR]: POST /update-population/fra 500
2026-01-30 16:09:34 [ERROR]: POST /update-population - Not Found
2026-01-30 16:09:34 [WARN]: POST /update-population 404
2026-01-30 16:09:40 [ERROR]: POST /update-population/ - Not Found
2026-01-30 16:09:40 [WARN]: POST /update-population/ 404
2026-01-30 16:09:42 [ERROR]: POST /update-population/ - Not Found
2026-01-30 16:09:42 [WARN]: POST /update-population/ 404
2026-01-30 16:10:24 [INFO]: Server started on port 3000
2026-01-30 16:10:28 [INFO]: Server started on port 3000
2026-01-30 16:10:35 [ERROR]: POST /update-population/ - Not Found
2026-01-30 16:10:35 [WARN]: POST /update-population/ 404
2026-01-30 16:10:39 [ERROR]: POST /update-population/fra - Cannot read properties of undefined (reading 'cca3')
2026-01-30 16:10:39 [ERROR]: POST /update-population/fra 500
2026-01-30 16:10:50 [ERROR]: POST /update-population/FRA - Cannot read properties of undefined (reading 'cca3')
2026-01-30 16:10:50 [ERROR]: POST /update-population/FRA 500
2026-01-30 16:11:35 [INFO]: Server started on port 3000
2026-01-30 16:11:41 [INFO]: Server started on port 3000
2026-01-30 16:11:44 [INFO]: Server started on port 3000
2026-01-30 16:11:47 [ERROR]: POST /update-population/FRA - Cannot read properties of undefined (reading 'cca3')
2026-01-30 16:11:47 [ERROR]: POST /update-population/FRA 500
2026-01-30 16:13:01 [ERROR]: POST /update-population/FRA - Cannot read properties of undefined (reading 'cca3')
2026-01-30 16:13:01 [ERROR]: POST /update-population/FRA 500
2026-01-30 16:14:52 [INFO]: Server started on port 3000
2026-01-30 16:14:52 [INFO]: Server started on port 3000
2026-01-30 16:15:01 [INFO]: Server started on port 3000
2026-01-30 16:15:01 [INFO]: Server started on port 3000
2026-01-30 16:15:05 [ERROR]: POST /update-population/FRA - Cannot read properties of undefined (reading 'cca3')
2026-01-30 16:15:05 [ERROR]: POST /update-population/FRA 500
2026-01-30 16:15:07 [ERROR]: POST /update-population/FRA - Cannot read properties of undefined (reading 'cca3')
2026-01-30 16:15:07 [ERROR]: POST /update-population/FRA 500
2026-01-30 16:16:23 [ERROR]: POST /update-population/FRA - Cannot read properties of undefined (reading 'cca3')
2026-01-30 16:16:23 [ERROR]: POST /update-population/FRA 500
2026-01-30 16:17:27 [ERROR]: POST /update-population/FRA - Cannot read properties of undefined (reading 'cca3')
2026-01-30 16:17:27 [ERROR]: POST /update-population/FRA 500
2026-01-30 16:17:28 [ERROR]: POST /update-population/FRA - Cannot read properties of undefined (reading 'cca3')
2026-01-30 16:17:28 [ERROR]: POST /update-population/FRA 500
2026-01-30 16:17:52 [ERROR]: POST /update-population/FRA - Cannot read properties of undefined (reading 'cca3')
2026-01-30 16:17:52 [ERROR]: POST /update-population/FRA 500
2026-01-30 16:18:12 [INFO]: Server started on port 3000
2026-01-30 16:18:15 [INFO]: Server started on port 3000
2026-01-30 16:18:17 [INFO]: Server started on port 3000
2026-01-30 16:18:23 [INFO]: Server started on port 3000
2026-01-30 16:18:25 [ERROR]: POST /update-population/FRA - Cannot read properties of undefined (reading 'cca3')
2026-01-30 16:18:25 [ERROR]: POST /update-population/FRA 500
2026-01-30 16:18:38 [INFO]: Server started on port 3000
2026-01-30 16:18:42 [ERROR]: POST /update-population/FRA - Cannot read properties of undefined (reading 'cca3')
2026-01-30 16:18:42 [ERROR]: POST /update-population/FRA 500
2026-01-30 16:18:57 [INFO]: Server started on port 3000
2026-01-30 16:18:59 [INFO]: Server started on port 3000
2026-01-30 16:19:03 [INFO]: Server started on port 3000
2026-01-30 16:19:05 [INFO]: Server started on port 3000
2026-01-30 16:19:09 [ERROR]: POST /update-population/FRA - Cannot read properties of undefined (reading 'cca3')
2026-01-30 16:19:09 [ERROR]: POST /update-population/FRA 500
2026-01-30 16:19:44 [INFO]: Server started on port 3000
2026-01-30 16:22:19 [INFO]: Server started on port 3000
2026-01-30 16:22:21 [INFO]: Server started on port 3000
2026-01-30 16:22:27 [ERROR]: POST /update-population/FRA - Cannot read properties of undefined (reading 'cca3')
2026-01-30 16:22:27 [ERROR]: POST /update-population/FRA 500
2026-01-30 16:23:42 [INFO]: Server started on port 3000
2026-01-30 16:23:47 [INFO]: Server started on port 3000
2026-01-30 16:24:02 [INFO]: Server started on port 3000
2026-01-30 16:24:03 [INFO]: Server started on port 3000
2026-01-30 16:24:05 [ERROR]: POST /update-population/FRA - Cannot read properties of undefined (reading 'cca3')
2026-01-30 16:24:05 [ERROR]: POST /update-population/FRA 500
2026-01-30 16:26:34 [INFO]: Server started on port 3000
2026-01-30 16:26:39 [ERROR]: POST /update-population/FRA - Cannot read properties of undefined (reading 'cca3')
2026-01-30 16:26:39 [ERROR]: POST /update-population/FRA 500
2026-01-30 16:26:40 [ERROR]: POST /update-population/FRA - Cannot read properties of undefined (reading 'cca3')
2026-01-30 16:26:40 [ERROR]: POST /update-population/FRA 500
2026-01-30 16:26:41 [ERROR]: POST /update-population/FRA - Cannot read properties of undefined (reading 'cca3')
2026-01-30 16:26:41 [ERROR]: POST /update-population/FRA 500
2026-01-30 16:28:12 [INFO]: Server started on port 3000
2026-01-30 16:28:17 [INFO]: Server started on port 3000
2026-01-30 16:28:19 [ERROR]: POST /update-population/FRA - Cannot read properties of undefined (reading 'cca3')
2026-01-30 16:28:19 [ERROR]: POST /update-population/FRA 500
2026-01-30 16:31:19 [INFO]: Server started on port 3000
2026-01-30 16:31:21 [INFO]: Server started on port 3000
2026-01-30 16:31:50 [INFO]: Server started on port 3000
2026-01-30 16:31:53 [ERROR]: POST /update-population/FRA - updateCountryPopulation is not a function
2026-01-30 16:31:53 [ERROR]: POST /update-population/FRA 500
2026-01-30 16:32:30 [INFO]: Server started on port 3000
2026-01-30 16:32:31 [INFO]: Server started on port 3000
2026-01-30 16:32:35 [INFO]: POST /update-population/FRA 200
